# Game Log - Tue Jul 22 11:02:31 IDT 2025
# Format: [timestamp] type: command

[1753170284166] KEY_INPUT: B_DOWN
[1753170285322] KEY_INPUT: B_DOWN
[1753170293545] KEY_INPUT: B_DOWN
[1753170294794] KEY_INPUT: B_RIGHT
[1753170295816] KEY_INPUT: B_RIGHT
[1753170296243] KEY_INPUT: B_RIGHT
[1753170296620] KEY_INPUT: B_RIGHT
[1753170297402] KEY_INPUT: B_LEFT
[1753170298101] KEY_INPUT: B_RIGHT
[1753170301026] KEY_INPUT: B_DOWN
[1753170302035] KEY_INPUT: B_DOWN
[1753170302048] MOVE: BPB_1_0 a1->a2
[1753170303096] KEY_INPUT: B_UP
[1753170303547] KEY_INPUT: B_UP
[1753170303807] KEY_INPUT: B_UP
[1753170303980] KEY_INPUT: B_UP
[1753170320489] KEY_INPUT: B_DOWN
[1753170321011] KEY_INPUT: B_DOWN
[1753170321369] KEY_INPUT: B_DOWN
[1753170767332] KEY_INPUT: B_UP
[1753170767797] KEY_INPUT: B_DOWN
[1753170768006] KEY_INPUT: B_DOWN
[1753170768383] KEY_INPUT: B_DOWN
[1753170768397] MOVE: BPB_1_3 a1->a2
[1753170773667] KEY_INPUT: B_DOWN
[1753170775579] KEY_INPUT: B_DOWN
[1753170775760] KEY_INPUT: B_DOWN
[1753170778672] KEY_INPUT: B_DOWN
[1753170778682] MOVE: BPB_1_7 a1->a2
[1753170781043] KEY_INPUT: B_DOWN
[1753170782137] KEY_INPUT: B_DOWN
[1753170782399] KEY_INPUT: B_DOWN
[1753170783141] KEY_INPUT: B_UP
[1753170783370] KEY_INPUT: B_UP
[1753170783822] KEY_INPUT: B_LEFT
[1753170784368] KEY_INPUT: B_UP
[1753170784747] KEY_INPUT: B_UP
[1753170785251] KEY_INPUT: B_DOWN
[1753170785812] KEY_INPUT: B_UP
[1753170786152] KEY_INPUT: B_UP
[1753170786366] KEY_INPUT: B_UP
[1753170786863] KEY_INPUT: B_LEFT
[1753170787193] KEY_INPUT: B_RIGHT
[1753170787533] KEY_INPUT: B_DOWN
[1753170788560] KEY_INPUT: B_UP
[1753170788971] KEY_INPUT: B_UP
[1753170789033] KEY_INPUT: B_UP
[1753170789242] KEY_INPUT: B_UP
[1753170828171] KEY_INPUT: B_DOWN
[1753170828503] KEY_INPUT: B_DOWN
[1753170828702] KEY_INPUT: B_DOWN
[1753170829544] KEY_INPUT: B_UP
[1753170829742] KEY_INPUT: B_UP
[1753170830644] KEY_INPUT: B_LEFT
[1753170830850] KEY_INPUT: B_LEFT
[1753170831015] KEY_INPUT: B_LEFT
[1753170831197] KEY_INPUT: B_LEFT
[1753170831742] KEY_INPUT: B_DOWN
[1753170831903] KEY_INPUT: B_UP
[1753170832119] KEY_INPUT: B_UP
[1753170832259] KEY_INPUT: B_UP
[1753170833738] KEY_INPUT: B_UP
[1753170833938] KEY_INPUT: B_UP
[1753170834271] KEY_INPUT: B_DOWN
[1753170834594] KEY_INPUT: B_UP
[1753170834829] KEY_INPUT: B_UP
[1753170835248] KEY_INPUT: B_UP
[1753170836473] KEY_INPUT: B_DOWN
[1753170837040] KEY_INPUT: B_UP
[1753170837300] KEY_INPUT: B_UP
[1753170837877] KEY_INPUT: B_UP
[1753170842767] KEY_INPUT: B_LEFT
[1753170843079] KEY_INPUT: B_RIGHT
[1753170843735] KEY_INPUT: B_UP
[1753170844660] KEY_INPUT: B_DOWN
[1753170857178] KEY_INPUT: B_DOWN
[1753170907569] KEY_INPUT: B_LEFT
[1753170908516] KEY_INPUT: B_RIGHT
[1753170909166] KEY_INPUT: B_DOWN
[1753170909682] KEY_INPUT: B_DOWN
[1753170909692] MOVE: BPB_1_7 a1->a2
[1753170910176] KEY_INPUT: B_UP
[1753171351564] KEY_INPUT: B_DOWN
[1753171351576] MOVE: BPB_1_3 a1->a2
