# Game Log - Tue Jul 22 11:02:31 IDT 2025
# Format: [timestamp] type: command

[1753170260112] GAME_CONTROL: GAME_INITIALIZED
[1753170260297] GAME_CONTROL: GAME_STARTED
[1753170284166] KEY_INPUT: B_DOWN
[1753170285322] KEY_INPUT: B_DOWN
[1753170287705] KEY_INPUT: W_UP
[1753170288579] KEY_INPUT: W_UP
[1753170288781] KEY_INPUT: W_UP
[1753170288952] KEY_INPUT: W_UP
[1753170289148] KEY_INPUT: W_UP
[1753170289155] MOVE: WPW_6_2 a1->a2
[1753170293545] KEY_INPUT: B_DOWN
[1753170294794] KEY_INPUT: B_RIGHT
[1753170295816] KEY_INPUT: B_RIGHT
[1753170296243] KEY_INPUT: B_RIGHT
[1753170296620] KEY_INPUT: B_RIGHT
[1753170297402] KEY_INPUT: B_LEFT
[1753170298101] KEY_INPUT: B_RIGHT
[1753170301026] KEY_INPUT: B_DOWN
[1753170302035] KEY_INPUT: B_DOWN
[1753170302048] MOVE: BPB_1_0 a1->a2
[1753170303096] KEY_INPUT: B_UP
[1753170303547] KEY_INPUT: B_UP
[1753170303807] KEY_INPUT: B_UP
[1753170303980] KEY_INPUT: B_UP
[1753170305723] KEY_INPUT: W_DOWN
[1753170306086] KEY_INPUT: W_DOWN
[1753170306252] KEY_INPUT: W_DOWN
[1753170306443] KEY_INPUT: W_DOWN
[1753170306795] KEY_INPUT: W_DOWN
[1753170307042] KEY_INPUT: W_RIGHT
[1753170307921] KEY_INPUT: W_LEFT
[1753170308201] KEY_INPUT: W_RIGHT
[1753170309557] KEY_INPUT: W_UP
[1753170318031] GAME_CONTROL: SELECT_PIECE:PB_1_1
[1753170319063] GAME_CONTROL: SELECT_PIECE:PB_1_3
[1753170320489] KEY_INPUT: B_DOWN
[1753170321011] KEY_INPUT: B_DOWN
[1753170321369] KEY_INPUT: B_DOWN
[1753170635925] KEY_INPUT: W_RIGHT
[1753170637000] GAME_CONTROL: SELECT_PIECE:PW_6_3
[1753170637808] GAME_CONTROL: SELECT_PIECE:PW_6_2
[1753170638067] GAME_CONTROL: SELECT_PIECE:PW_6_1
[1753170638279] GAME_CONTROL: SELECT_PIECE:NW_7_6
[1753170638952] GAME_CONTROL: SELECT_PIECE:NW_7_1
[1753170639146] GAME_CONTROL: SELECT_PIECE:KW_7_3
[1753170639686] GAME_CONTROL: SELECT_PIECE:RW_7_7
[1753170639953] GAME_CONTROL: SELECT_PIECE:RW_7_5
[1753170640328] GAME_CONTROL: SELECT_PIECE:RW_7_2
[1753170641921] KEY_INPUT: W_UP
[1753170644863] GAME_CONTROL: SELECT_PIECE:RW_7_0
[1753170645969] KEY_INPUT: W_UP
[1753170646309] KEY_INPUT: W_UP
[1753170646539] KEY_INPUT: W_UP
[1753170646966] KEY_INPUT: W_UP
[1753170647818] KEY_INPUT: W_RIGHT
[1753170648033] KEY_INPUT: W_RIGHT
[1753170650648] GAME_CONTROL: SELECT_PIECE:RW_7_2
[1753170652810] GAME_CONTROL: SELECT_PIECE:RW_7_0
[1753170653289] GAME_CONTROL: SELECT_PIECE:QW_7_4
[1753170653639] GAME_CONTROL: SELECT_PIECE:PW_6_7
[1753170654948] KEY_INPUT: W_UP
[1753170656747] KEY_INPUT: W_UP
[1753170696063] KEY_INPUT: W_UP
[1753170696649] KEY_INPUT: W_UP
[1753170716350] GAME_CONTROL: SELECT_PIECE:QW_7_4
[1753170716884] GAME_CONTROL: SELECT_PIECE:RW_7_0
[1753170717738] GAME_CONTROL: SELECT_PIECE:QW_7_4
[1753170718242] GAME_CONTROL: SELECT_PIECE:PW_6_7
[1753170719173] GAME_CONTROL: SELECT_PIECE:PW_6_6
[1753170720368] GAME_CONTROL: SELECT_PIECE:PW_6_5
[1753170720640] GAME_CONTROL: SELECT_PIECE:PW_6_4
[1753170720885] GAME_CONTROL: SELECT_PIECE:PW_6_3
[1753170721062] GAME_CONTROL: SELECT_PIECE:PW_6_2
[1753170721289] GAME_CONTROL: SELECT_PIECE:PW_6_1
[1753170721553] GAME_CONTROL: SELECT_PIECE:NW_7_6
[1753170721801] GAME_CONTROL: SELECT_PIECE:NW_7_1
[1753170722833] GAME_CONTROL: SELECT_PIECE:KW_7_3
[1753170723635] GAME_CONTROL: SELECT_PIECE:RW_7_7
[1753170724618] KEY_INPUT: W_UP
[1753170724937] KEY_INPUT: W_UP
[1753170765643] GAME_CONTROL: SELECT_PIECE:PB_1_1
[1753170766498] GAME_CONTROL: SELECT_PIECE:PB_1_3
[1753170767332] KEY_INPUT: B_UP
[1753170767797] KEY_INPUT: B_DOWN
[1753170768006] KEY_INPUT: B_DOWN
[1753170768383] KEY_INPUT: B_DOWN
[1753170768397] MOVE: BPB_1_3 a1->a2
[1753170771703] GAME_CONTROL: SELECT_PIECE:PB_1_4
[1753170772433] GAME_CONTROL: SELECT_PIECE:PB_1_5
[1753170773667] KEY_INPUT: B_DOWN
[1753170774744] GAME_CONTROL: SELECT_PIECE:PB_1_6
[1753170775579] KEY_INPUT: B_DOWN
[1753170775760] KEY_INPUT: B_DOWN
[1753170777326] GAME_CONTROL: SELECT_PIECE:PB_1_7
[1753170778672] KEY_INPUT: B_DOWN
[1753170778682] MOVE: BPB_1_7 a1->a2
[1753170781043] KEY_INPUT: B_DOWN
[1753170782137] KEY_INPUT: B_DOWN
[1753170782399] KEY_INPUT: B_DOWN
[1753170783141] KEY_INPUT: B_UP
[1753170783370] KEY_INPUT: B_UP
[1753170783822] KEY_INPUT: B_LEFT
[1753170784368] KEY_INPUT: B_UP
[1753170784747] KEY_INPUT: B_UP
[1753170785251] KEY_INPUT: B_DOWN
[1753170785812] KEY_INPUT: B_UP
[1753170786152] KEY_INPUT: B_UP
[1753170786366] KEY_INPUT: B_UP
[1753170786863] KEY_INPUT: B_LEFT
[1753170787193] KEY_INPUT: B_RIGHT
[1753170787533] KEY_INPUT: B_DOWN
[1753170788560] KEY_INPUT: B_UP
[1753170788971] KEY_INPUT: B_UP
[1753170789033] KEY_INPUT: B_UP
[1753170789242] KEY_INPUT: B_UP
[1753170828171] KEY_INPUT: B_DOWN
[1753170828503] KEY_INPUT: B_DOWN
[1753170828702] KEY_INPUT: B_DOWN
[1753170829544] KEY_INPUT: B_UP
[1753170829742] KEY_INPUT: B_UP
[1753170830644] KEY_INPUT: B_LEFT
[1753170830850] KEY_INPUT: B_LEFT
[1753170831015] KEY_INPUT: B_LEFT
[1753170831197] KEY_INPUT: B_LEFT
[1753170831742] KEY_INPUT: B_DOWN
[1753170831903] KEY_INPUT: B_UP
[1753170832119] KEY_INPUT: B_UP
[1753170832259] KEY_INPUT: B_UP
[1753170833738] KEY_INPUT: B_UP
[1753170833938] KEY_INPUT: B_UP
[1753170834271] KEY_INPUT: B_DOWN
[1753170834594] KEY_INPUT: B_UP
[1753170834829] KEY_INPUT: B_UP
[1753170835248] KEY_INPUT: B_UP
[1753170836473] KEY_INPUT: B_DOWN
[1753170837040] KEY_INPUT: B_UP
[1753170837300] KEY_INPUT: B_UP
[1753170837877] KEY_INPUT: B_UP
[1753170842767] KEY_INPUT: B_LEFT
[1753170843079] KEY_INPUT: B_RIGHT
[1753170843735] KEY_INPUT: B_UP
[1753170844660] KEY_INPUT: B_DOWN
[1753170857178] KEY_INPUT: B_DOWN
[1753170907569] KEY_INPUT: B_LEFT
[1753170908516] KEY_INPUT: B_RIGHT
[1753170909166] KEY_INPUT: B_DOWN
[1753170909682] KEY_INPUT: B_DOWN
[1753170909692] MOVE: BPB_1_7 a1->a2
[1753170910176] KEY_INPUT: B_UP
[1753170911168] GAME_CONTROL: SELECT_PIECE:PB_1_6
[1753170911576] GAME_CONTROL: SELECT_PIECE:PB_1_5
[1753170911777] GAME_CONTROL: SELECT_PIECE:PB_1_4
[1753170911965] GAME_CONTROL: SELECT_PIECE:PB_1_3
[1753170912153] GAME_CONTROL: SELECT_PIECE:PB_1_1
[1753170912360] GAME_CONTROL: SELECT_PIECE:PB_1_0
[1753170912560] GAME_CONTROL: SELECT_PIECE:NB_0_6
[1753170912770] GAME_CONTROL: SELECT_PIECE:NB_0_1
[1753170914055] GAME_CONTROL: SELECT_PIECE:NB_0_6
[1753170914565] GAME_CONTROL: SELECT_PIECE:PB_1_0
[1753170915079] GAME_CONTROL: SELECT_PIECE:PB_1_1
[1753170915370] GAME_CONTROL: SELECT_PIECE:PB_1_3
[1753171349085] GAME_CONTROL: SELECT_PIECE:PB_1_4
[1753171350373] GAME_CONTROL: SELECT_PIECE:PB_1_3
[1753171351564] KEY_INPUT: B_DOWN
[1753171351576] MOVE: BPB_1_3 a1->a2
[1753171351580] GAME_CONTROL: GAME_ENDED: Black wins - White king captured!
