# Game Log - Tue Jul 22 11:02:31 IDT 2025
# Format: [timestamp] type: command

[1753170260112] GAME_CONTROL: GAME_INITIALIZED
[1753170260297] GAME_CONTROL: GAME_STARTED
[1753170318031] GAME_CONTROL: SELECT_PIECE:PB_1_1
[1753170319063] GAME_CONTROL: SELECT_PIECE:PB_1_3
[1753170637000] GAME_CONTROL: SELECT_PIECE:PW_6_3
[1753170637808] GAME_CONTROL: SELECT_PIECE:PW_6_2
[1753170638067] GAME_CONTROL: SELECT_PIECE:PW_6_1
[1753170638279] GAME_CONTROL: SELECT_PIECE:NW_7_6
[1753170638952] GAME_CONTROL: SELECT_PIECE:NW_7_1
[1753170639146] GAME_CONTROL: SELECT_PIECE:KW_7_3
[1753170639686] GAME_CONTROL: SELECT_PIECE:RW_7_7
[1753170639953] GAME_CONTROL: SELECT_PIECE:RW_7_5
[1753170640328] GAME_CONTROL: SELECT_PIECE:RW_7_2
[1753170644863] GAME_CONTROL: SELECT_PIECE:RW_7_0
[1753170650648] GAME_CONTROL: SELECT_PIECE:RW_7_2
[1753170652810] GAME_CONTROL: SELECT_PIECE:RW_7_0
[1753170653289] GAME_CONTROL: SELECT_PIECE:QW_7_4
[1753170653639] GAME_CONTROL: SELECT_PIECE:PW_6_7
[1753170716350] GAME_CONTROL: SELECT_PIECE:QW_7_4
[1753170716884] GAME_CONTROL: SELECT_PIECE:RW_7_0
[1753170717738] GAME_CONTROL: SELECT_PIECE:QW_7_4
[1753170718242] GAME_CONTROL: SELECT_PIECE:PW_6_7
[1753170719173] GAME_CONTROL: SELECT_PIECE:PW_6_6
[1753170720368] GAME_CONTROL: SELECT_PIECE:PW_6_5
[1753170720640] GAME_CONTROL: SELECT_PIECE:PW_6_4
[1753170720885] GAME_CONTROL: SELECT_PIECE:PW_6_3
[1753170721062] GAME_CONTROL: SELECT_PIECE:PW_6_2
[1753170721289] GAME_CONTROL: SELECT_PIECE:PW_6_1
[1753170721553] GAME_CONTROL: SELECT_PIECE:NW_7_6
[1753170721801] GAME_CONTROL: SELECT_PIECE:NW_7_1
[1753170722833] GAME_CONTROL: SELECT_PIECE:KW_7_3
[1753170723635] GAME_CONTROL: SELECT_PIECE:RW_7_7
[1753170765643] GAME_CONTROL: SELECT_PIECE:PB_1_1
[1753170766498] GAME_CONTROL: SELECT_PIECE:PB_1_3
[1753170771703] GAME_CONTROL: SELECT_PIECE:PB_1_4
[1753170772433] GAME_CONTROL: SELECT_PIECE:PB_1_5
[1753170774744] GAME_CONTROL: SELECT_PIECE:PB_1_6
[1753170777326] GAME_CONTROL: SELECT_PIECE:PB_1_7
[1753170911168] GAME_CONTROL: SELECT_PIECE:PB_1_6
[1753170911576] GAME_CONTROL: SELECT_PIECE:PB_1_5
[1753170911777] GAME_CONTROL: SELECT_PIECE:PB_1_4
[1753170911965] GAME_CONTROL: SELECT_PIECE:PB_1_3
[1753170912153] GAME_CONTROL: SELECT_PIECE:PB_1_1
[1753170912360] GAME_CONTROL: SELECT_PIECE:PB_1_0
[1753170912560] GAME_CONTROL: SELECT_PIECE:NB_0_6
[1753170912770] GAME_CONTROL: SELECT_PIECE:NB_0_1
[1753170914055] GAME_CONTROL: SELECT_PIECE:NB_0_6
[1753170914565] GAME_CONTROL: SELECT_PIECE:PB_1_0
[1753170915079] GAME_CONTROL: SELECT_PIECE:PB_1_1
[1753170915370] GAME_CONTROL: SELECT_PIECE:PB_1_3
[1753171349085] GAME_CONTROL: SELECT_PIECE:PB_1_4
[1753171350373] GAME_CONTROL: SELECT_PIECE:PB_1_3
[1753171351580] GAME_CONTROL: GAME_ENDED: Black wins - White king captured!
