# Game Log - Tue Jul 22 11:02:31 IDT 2025
# Format: [timestamp] type: command

[1753170287705] KEY_INPUT: W_UP
[1753170288579] KEY_INPUT: W_UP
[1753170288781] KEY_INPUT: W_UP
[1753170288952] KEY_INPUT: W_UP
[1753170289148] KEY_INPUT: W_UP
[1753170289155] MOVE: WPW_6_2 a1->a2
[1753170305723] KEY_INPUT: W_DOWN
[1753170306086] KEY_INPUT: W_DOWN
[1753170306252] KEY_INPUT: W_DOWN
[1753170306443] KEY_INPUT: W_DOWN
[1753170306795] KEY_INPUT: W_DOWN
[1753170307042] KEY_INPUT: W_RIGHT
[1753170307921] KEY_INPUT: W_LEFT
[1753170308201] KEY_INPUT: W_RIGHT
[1753170309557] KEY_INPUT: W_UP
[1753170635925] KEY_INPUT: W_RIGHT
[1753170641921] KEY_INPUT: W_UP
[1753170645969] KEY_INPUT: W_UP
[1753170646309] KEY_INPUT: W_UP
[1753170646539] KEY_INPUT: W_UP
[1753170646966] KEY_INPUT: W_UP
[1753170647818] KEY_INPUT: W_RIGHT
[1753170648033] KEY_INPUT: W_RIGHT
[1753170654948] KEY_INPUT: W_UP
[1753170656747] KEY_INPUT: W_UP
[1753170696063] KEY_INPUT: W_UP
[1753170696649] KEY_INPUT: W_UP
[1753170724618] KEY_INPUT: W_UP
[1753170724937] KEY_INPUT: W_UP
